<?xml version="1.0" encoding="UTF-8"?>
<!-- Generated by org.testng.reporters.JUnitReportReporter -->
<testsuite skipped="0" hostname="BWAW_500" name="TestOfTestNG.PebTry" tests="3" failures="0" timestamp="12 Dec 2017 07:50:36 GMT" time="125.009" errors="0">
  <testcase name="NavigationDyskusja" time="55.597" classname="TestOfTestNG.PebTry"/>
  <testcase name="NavigationKrytyka" time="43.503" classname="TestOfTestNG.PebTry"/>
  <testcase name="NavigationKomunikacja" time="25.909" classname="TestOfTestNG.PebTry"/>
</testsuite> <!-- TestOfTestNG.PebTry -->
