<?xml version="1.0" encoding="UTF-8"?>
<!-- Generated by org.testng.reporters.JUnitReportReporter -->
<testsuite skipped="0" hostname="BWAW_500" name="TestOfTestNG.TestOfAnt" tests="2" failures="0" timestamp="12 Dec 2017 06:41:09 GMT" time="0.009" errors="0">
  <testcase name="Pierwszy" time="0.001" classname="TestOfTestNG.TestOfAnt"/>
  <testcase name="Drugi" time="0.008" classname="TestOfTestNG.TestOfAnt"/>
</testsuite> <!-- TestOfTestNG.TestOfAnt -->
